::1 - - [07/Apr/2025:09:00:41 +0000] "GET /getuser HTTP/1.1" 200 355 "-" "PostmanRuntime/7.43.3"
::1 - - [07/Apr/2025:09:02:21 +0000] "GET /create HTTP/1.1" 404 145 "-" "PostmanRuntime/7.43.3"
::1 - - [07/Apr/2025:09:02:30 +0000] "GET /create HTTP/1.1" 404 145 "-" "PostmanRuntime/7.43.3"
::1 - - [07/Apr/2025:09:04:16 +0000] "POST /create HTTP/1.1" 201 189 "-" "PostmanRuntime/7.43.3"
::1 - - [08/Apr/2025:10:11:26 +0000] "POST /register HTTP/1.1" 400 32 "-" "PostmanRuntime/7.43.3"
::1 - - [08/Apr/2025:10:11:38 +0000] "POST /register HTTP/1.1" 400 32 "-" "PostmanRuntime/7.43.3"
::1 - - [08/Apr/2025:10:11:46 +0000] "POST /register HTTP/1.1" 400 32 "-" "PostmanRuntime/7.43.3"
::1 - - [08/Apr/2025:10:13:09 +0000] "POST /login HTTP/1.1" 500 33 "-" "PostmanRuntime/7.43.3"
::1 - - [08/Apr/2025:10:49:20 +0000] "POST /register HTTP/1.1" 400 32 "-" "PostmanRuntime/7.43.3"
::1 - - [08/Apr/2025:10:49:25 +0000] "POST /login HTTP/1.1" 500 50 "-" "PostmanRuntime/7.43.3"
::1 - - [08/Apr/2025:10:51:29 +0000] "POST /login HTTP/1.1" 400 28 "-" "PostmanRuntime/7.43.3"
::1 - - [08/Apr/2025:10:52:18 +0000] "POST /register HTTP/1.1" 400 32 "-" "PostmanRuntime/7.43.3"
::1 - - [08/Apr/2025:10:52:22 +0000] "POST /register HTTP/1.1" 400 32 "-" "PostmanRuntime/7.43.3"
::1 - - [08/Apr/2025:10:52:38 +0000] "POST /register HTTP/1.1" 400 32 "-" "PostmanRuntime/7.43.3"
::1 - - [08/Apr/2025:10:52:42 +0000] "POST /register HTTP/1.1" 400 32 "-" "PostmanRuntime/7.43.3"
::1 - - [08/Apr/2025:10:52:46 +0000] "POST /register HTTP/1.1" 400 32 "-" "PostmanRuntime/7.43.3"
::1 - - [08/Apr/2025:10:54:00 +0000] "POST /register HTTP/1.1" 500 68 "-" "PostmanRuntime/7.43.3"
::1 - - [08/Apr/2025:10:54:50 +0000] "POST /register HTTP/1.1" 500 68 "-" "PostmanRuntime/7.43.3"
::1 - - [08/Apr/2025:10:55:32 +0000] "POST /register HTTP/1.1" 500 68 "-" "PostmanRuntime/7.43.3"
::1 - - [08/Apr/2025:10:55:38 +0000] "POST /register HTTP/1.1" 500 68 "-" "PostmanRuntime/7.43.3"
::1 - - [08/Apr/2025:10:56:24 +0000] "POST /register HTTP/1.1" 500 68 "-" "PostmanRuntime/7.43.3"
::1 - - [08/Apr/2025:10:56:50 +0000] "POST /register HTTP/1.1" 500 68 "-" "PostmanRuntime/7.43.3"
::1 - - [08/Apr/2025:10:57:12 +0000] "POST /register HTTP/1.1" 400 1109 "-" "PostmanRuntime/7.43.3"
::1 - - [08/Apr/2025:10:57:16 +0000] "POST /register HTTP/1.1" 500 50 "-" "PostmanRuntime/7.43.3"
::1 - - [08/Apr/2025:10:59:26 +0000] "POST /register HTTP/1.1" 500 50 "-" "PostmanRuntime/7.43.3"
::1 - - [08/Apr/2025:11:00:46 +0000] "POST /register HTTP/1.1" 500 50 "-" "PostmanRuntime/7.43.3"
::1 - - [08/Apr/2025:11:00:56 +0000] "POST /register HTTP/1.1" 500 50 "-" "PostmanRuntime/7.43.3"
::1 - - [08/Apr/2025:11:01:32 +0000] "POST /register HTTP/1.1" 500 50 "-" "PostmanRuntime/7.43.3"
::1 - - [08/Apr/2025:11:04:58 +0000] "POST /register HTTP/1.1" 500 50 "-" "PostmanRuntime/7.43.3"
::1 - - [08/Apr/2025:11:05:02 +0000] "POST /register HTTP/1.1" 500 50 "-" "PostmanRuntime/7.43.3"
::1 - - [08/Apr/2025:11:07:28 +0000] "POST /register HTTP/1.1" 500 50 "-" "PostmanRuntime/7.43.3"
::1 - - [08/Apr/2025:11:09:29 +0000] "POST /login HTTP/1.1" 400 28 "-" "PostmanRuntime/7.43.3"
::1 - - [08/Apr/2025:11:11:45 +0000] "POST /register HTTP/1.1" 400 37 "-" "PostmanRuntime/7.43.3"
::1 - - [08/Apr/2025:11:11:50 +0000] "POST /register HTTP/1.1" 400 37 "-" "PostmanRuntime/7.43.3"
::1 - - [08/Apr/2025:11:12:23 +0000] "POST /register HTTP/1.1" 500 68 "-" "PostmanRuntime/7.43.3"
::1 - - [08/Apr/2025:11:14:36 +0000] "POST /register HTTP/1.1" 500 68 "-" "PostmanRuntime/7.43.3"
::1 - - [08/Apr/2025:11:15:15 +0000] "POST /register HTTP/1.1" 500 68 "-" "PostmanRuntime/7.43.3"
::1 - - [08/Apr/2025:11:20:41 +0000] "POST /register HTTP/1.1" 201 46 "-" "PostmanRuntime/7.43.3"
::1 - - [08/Apr/2025:11:21:53 +0000] "POST /register HTTP/1.1" 400 32 "-" "PostmanRuntime/7.43.3"
::1 - - [08/Apr/2025:11:21:58 +0000] "POST /register HTTP/1.1" 400 32 "-" "PostmanRuntime/7.43.3"
::1 - - [08/Apr/2025:11:22:48 +0000] "POST /login HTTP/1.1" 500 49 "-" "PostmanRuntime/7.43.3"
::1 - - [08/Apr/2025:11:22:54 +0000] "POST /login HTTP/1.1" 500 49 "-" "PostmanRuntime/7.43.3"
::1 - - [08/Apr/2025:11:24:00 +0000] "POST /login HTTP/1.1" 200 466 "-" "PostmanRuntime/7.43.3"
::1 - - [08/Apr/2025:11:24:06 +0000] "POST /login HTTP/1.1" 200 466 "-" "PostmanRuntime/7.43.3"
::1 - - [08/Apr/2025:11:24:09 +0000] "POST /login HTTP/1.1" 200 466 "-" "PostmanRuntime/7.43.3"
::1 - - [08/Apr/2025:11:24:12 +0000] "POST /login HTTP/1.1" 200 466 "-" "PostmanRuntime/7.43.3"
::1 - - [08/Apr/2025:11:59:18 +0000] "POST /login HTTP/1.1" 400 94 "-" "PostmanRuntime/7.43.3"
::1 - - [08/Apr/2025:11:59:28 +0000] "POST /login HTTP/1.1" 200 466 "-" "PostmanRuntime/7.43.3"
::1 - - [08/Apr/2025:11:59:34 +0000] "POST /login HTTP/1.1" 400 94 "-" "PostmanRuntime/7.43.3"
::1 - - [08/Apr/2025:11:59:44 +0000] "POST /login HTTP/1.1" 400 96 "-" "PostmanRuntime/7.43.3"
::1 - - [08/Apr/2025:11:59:51 +0000] "POST /login HTTP/1.1" 200 466 "-" "PostmanRuntime/7.43.3"
::1 - - [08/Apr/2025:11:59:55 +0000] "POST /login HTTP/1.1" 200 466 "-" "PostmanRuntime/7.43.3"
::1 - - [08/Apr/2025:11:59:58 +0000] "POST /login HTTP/1.1" 200 466 "-" "PostmanRuntime/7.43.3"
::1 - - [08/Apr/2025:12:03:31 +0000] "POST /register HTTP/1.1" 400 198 "-" "PostmanRuntime/7.43.3"
::1 - - [08/Apr/2025:12:03:46 +0000] "POST /register HTTP/1.1" 400 32 "-" "PostmanRuntime/7.43.3"
::1 - - [08/Apr/2025:12:03:51 +0000] "POST /register HTTP/1.1" 400 32 "-" "PostmanRuntime/7.43.3"
::1 - - [08/Apr/2025:12:04:00 +0000] "POST /register HTTP/1.1" 400 198 "-" "PostmanRuntime/7.43.3"
::1 - - [08/Apr/2025:12:04:07 +0000] "POST /register HTTP/1.1" 400 32 "-" "PostmanRuntime/7.43.3"
::1 - - [08/Apr/2025:12:29:06 +0000] "POST /login HTTP/1.1" 400 124 "-" "PostmanRuntime/7.43.3"
